<?xml version="1.0" encoding="UTF-8"?>
<!-- Generated by org.testng.reporters.JUnitReportReporter -->
<testsuite hostname="jgus-2k16-LB3" failures="0" tests="1" name="Academy.End2EndProject.validateTitle" time="0.045" errors="0" timestamp="12 Apr 2018 06:34:32 GMT" skipped="0">
  <testcase classname="Academy.End2EndProject.validateTitle" name="basePageNavigation" time="0.045"/>
</testsuite> <!-- Academy.End2EndProject.validateTitle -->
